#######################################################################################
# log primitive debug message of FSDB dumping                                         #
# This is for R&D to analyze when there are issues happening when FSDB dump           #
#######################################################################################
ANF: vcsd_get_serial_mode_status('simv: undefined symbol: vcsd_get_serial_mode_status')
ANF: vcsd_enable_sva_success_callback('simv: undefined symbol: vcsd_enable_sva_success_callback')
ANF: vcsd_disable_sva_success_callback('simv: undefined symbol: vcsd_disable_sva_success_callback')
ANF: fsdb_enable_class_obj_dynamic_dump('simv: undefined symbol: fsdb_enable_class_obj_dynamic_dump')
ANF: vcsd_get_power_scope_name('simv: undefined symbol: vcsd_get_power_scope_name')
ANF: vcsd_begin_no_value_var_info('simv: undefined symbol: vcsd_begin_no_value_var_info')
ANF: vcsd_end_no_value_var_info('simv: undefined symbol: vcsd_end_no_value_var_info')
ANF: vcsd_remove_xprop_merge_mode_callback('simv: undefined symbol: vcsd_remove_xprop_merge_mode_callback')
ANF: vcsdIsClassDefPartialEncrypt('simv: undefined symbol: vcsdIsClassDefPartialEncrypt')
ANF: vcsdIsBaseClassDefEncrypt('simv: undefined symbol: vcsdIsBaseClassDefEncrypt')
ANF: vhpi_get_cb_info('simv: undefined symbol: vhpi_get_cb_info')
ANF: vhpi_free_handle('simv: undefined symbol: vhpi_free_handle')
ANF: vhpi_fetch_vcsd_handle('simv: undefined symbol: vhpi_fetch_vcsd_handle')
ANF: vhpi_fetch_vpi_handle('simv: undefined symbol: vhpi_fetch_vpi_handle')
ANF: vhpi_has_verilog_parent('simv: undefined symbol: vhpi_has_verilog_parent')
ANF: vhpi_is_verilog_scope('simv: undefined symbol: vhpi_is_verilog_scope')
ANF: scsd_xprop_is_enabled('simv: undefined symbol: scsd_xprop_is_enabled')
ANF: scsd_xprop_sig_is_promoted('simv: undefined symbol: scsd_xprop_sig_is_promoted')
ANF: scsd_xprop_int_xvalue('simv: undefined symbol: scsd_xprop_int_xvalue')
ANF: scsd_xprop_bool_xvalue('simv: undefined symbol: scsd_xprop_bool_xvalue')
ANF: scsd_xprop_enum_xvalue('simv: undefined symbol: scsd_xprop_enum_xvalue')
ANF: scsd_xprop_register_merge_mode_cb('simv: undefined symbol: scsd_xprop_register_merge_mode_cb')
ANF: scsd_xprop_delete_merge_mode_cb('simv: undefined symbol: scsd_xprop_delete_merge_mode_cb')
ANF: scsd_xprop_get_merge_mode('simv: undefined symbol: scsd_xprop_get_merge_mode')
ANF: scsd_thread_get_info('simv: undefined symbol: scsd_thread_get_info')
ANF: scsd_thread_vc_init('simv: undefined symbol: scsd_thread_vc_init')
ANF: scsd_master_set_delta_sync_cbk('simv: undefined symbol: scsd_master_set_delta_sync_cbk')
ANF: scsd_fgp_get_fsdb_cores('simv: undefined symbol: scsd_fgp_get_fsdb_cores')
ANF: vdi_get_ie_analog_alias_info('simv: undefined symbol: vdi_get_ie_analog_alias_info')
ANF: vhdi_dt_get_type('simv: undefined symbol: vhdi_dt_get_type')
ANF: vhdi_dt_get_key('simv: undefined symbol: vhdi_dt_get_key')
ANF: vhdi_dt_get_vhdl_enum_info('simv: undefined symbol: vhdi_dt_get_vhdl_enum_info')
ANF: vhdi_dt_get_vhdl_physical_info('simv: undefined symbol: vhdi_dt_get_vhdl_physical_info')
ANF: vhdi_dt_get_vhdl_array_info('simv: undefined symbol: vhdi_dt_get_vhdl_array_info')
ANF: vhdi_dt_get_vhdl_record_info('simv: undefined symbol: vhdi_dt_get_vhdl_record_info')
ANF: vhdi_def_traverse_module('simv: undefined symbol: vhdi_def_traverse_module')
ANF: vhdi_def_traverse_scope('simv: undefined symbol: vhdi_def_traverse_scope')
ANF: vhdi_def_traverse_variable('simv: undefined symbol: vhdi_def_traverse_variable')
ANF: vhdi_def_get_module_id_by_vhpi('simv: undefined symbol: vhdi_def_get_module_id_by_vhpi')
ANF: vhdi_def_get_handle_by_module_id('simv: undefined symbol: vhdi_def_get_handle_by_module_id')
ANF: vhdi_def_get_variable_info_by_vhpi('simv: undefined symbol: vhdi_def_get_variable_info_by_vhpi')
ANF: vhdi_def_free('simv: undefined symbol: vhdi_def_free')
ANF: vhdi_ist_traverse_scope('simv: undefined symbol: vhdi_ist_traverse_scope')
ANF: vhdi_ist_traverse_variable('simv: undefined symbol: vhdi_ist_traverse_variable')
ANF: vhdi_ist_convert_by_vhpi('simv: undefined symbol: vhdi_ist_convert_by_vhpi')
ANF: vhdi_ist_clone('simv: undefined symbol: vhdi_ist_clone')
ANF: vhdi_ist_free('simv: undefined symbol: vhdi_ist_free')
ANF: vhdi_ist_hash_key('simv: undefined symbol: vhdi_ist_hash_key')
ANF: vhdi_ist_compare('simv: undefined symbol: vhdi_ist_compare')
ANF: vhdi_ist_get_value_addr('simv: undefined symbol: vhdi_ist_get_value_addr')
ANF: vhdi_set_scsd_callback('simv: undefined symbol: vhdi_set_scsd_callback')
ANF: vhdi_cbk_set_force_callback('simv: undefined symbol: vhdi_cbk_set_force_callback')
ANF: vhdi_trigger_init_force('simv: undefined symbol: vhdi_trigger_init_force')
ANF: vhdi_ist_check_scsd_callback('simv: undefined symbol: vhdi_ist_check_scsd_callback')
ANF: vhdi_ist_add_scsd_callback('simv: undefined symbol: vhdi_ist_add_scsd_callback')
ANF: vhdi_ist_remove_scsd_callback('simv: undefined symbol: vhdi_ist_remove_scsd_callback')
ANF: vhdi_ist_get_scsd_user_data('simv: undefined symbol: vhdi_ist_get_scsd_user_data')
ANF: vhdi_add_time_change_callback('simv: undefined symbol: vhdi_add_time_change_callback')
ANF: vhdi_get_real_value_by_value_addr('simv: undefined symbol: vhdi_get_real_value_by_value_addr')
ANF: vhdi_get_64_value_by_value_addr('simv: undefined symbol: vhdi_get_64_value_by_value_addr')
ANF: vhdi_xprop_inst_is_promoted('simv: undefined symbol: vhdi_xprop_inst_is_promoted')
ANF: vdi_ist_convert_by_vhdi('simv: undefined symbol: vdi_ist_convert_by_vhdi')
ANF: vhdi_ist_get_module_id('simv: undefined symbol: vhdi_ist_get_module_id')
ANF: vhdi_refine_foreign_scope_type('simv: undefined symbol: vhdi_refine_foreign_scope_type')
ANF: vhdi_flush_callback('simv: undefined symbol: vhdi_flush_callback')
ANF: vhdi_set_orig_name('simv: undefined symbol: vhdi_set_orig_name')
ANF: vhdi_set_dump_pt('simv: undefined symbol: vhdi_set_dump_pt')
ANF: vhdi_get_fsdb_option('simv: undefined symbol: vhdi_get_fsdb_option')
ANF: vhdi_fgp_get_mode('simv: undefined symbol: vhdi_fgp_get_mode')
ANF: vhdi_node_register_composite_var('simv: undefined symbol: vhdi_node_register_composite_var')
ANF: vhdi_node_analysis('simv: undefined symbol: vhdi_node_analysis')
ANF: vhdi_node_id('simv: undefined symbol: vhdi_node_id')
ANF: vhdi_node_ist_check_scsd_callback('simv: undefined symbol: vhdi_node_ist_check_scsd_callback')
ANF: vhdi_node_ist_add_scsd_callback('simv: undefined symbol: vhdi_node_ist_add_scsd_callback')
ANF: vhdi_node_ist_get_value_addr('simv: undefined symbol: vhdi_node_ist_get_value_addr')
ANF: vhdi_enc_def_traverse_module('simv: undefined symbol: vhdi_enc_def_traverse_module')
ANF: vhdi_enc_def_traverse_scope('simv: undefined symbol: vhdi_enc_def_traverse_scope')
ANF: vhdi_enc_def_traverse_variable('simv: undefined symbol: vhdi_enc_def_traverse_variable')
ANF: vhdi_enc_ist_traverse_scope('simv: undefined symbol: vhdi_enc_ist_traverse_scope')
ANF: vhdi_enc_ist_traverse_variable('simv: undefined symbol: vhdi_enc_ist_traverse_variable')
ANF: vhdi_enc_ist_get_module_id('simv: undefined symbol: vhdi_enc_ist_get_module_id')
ANF: vhdi_enc_def_get_handle_by_module_id('simv: undefined symbol: vhdi_enc_def_get_handle_by_module_id')
VCS compile option:
 option[0]: simv
 option[1]: -a
 option[2]: com.log
 option[3]: -cm_runsilent
 option[4]: -cm
 option[5]: line+tgl+branch
 option[6]: -cm_name
 option[7]: mpi_test_name1
 option[8]: /usr/Synopsys/vcs/Q-2020.03-SP2-7/linux64/bin/vcs1
 option[9]: -Mcc=gcc
 option[10]: -Mcplusplus=g++
 option[11]: -Masflags=
 option[12]: -Mcfl= -pipe -DVCSMX -DUVM_DPI_DO_TYPE_CHECK -fPIC -O -I/usr/Synopsys/vcs/Q-2020.03-SP2-7/include 
 option[13]: -Mxllcflags=
 option[14]: -Mxcflags= -pipe -DVCSMX -DUVM_DPI_DO_TYPE_CHECK -fPIC -I/usr/Synopsys/vcs/Q-2020.03-SP2-7/include
 option[15]: -Mldflags= -rdynamic 
 option[16]: -Mout=simv
 option[17]: -Mamsrun=
 option[18]: -Mvcsaceobjs=
 option[19]: -Mobjects= /usr/Synopsys/vcs/Q-2020.03-SP2-7/linux64/lib/libvirsim.so /usr/Synopsys/vcs/Q-2020.03-SP2-7/linux64/lib/liberrorinf.so /usr/Synopsys/vcs/Q-2020.03-SP2-7/linux64/lib/libsnpsmalloc.so /usr/Synopsys/vcs/Q-2020.03-SP2-7/linux64/lib/libvfs.so 
 option[20]: -Mexternalobj=
 option[21]: -Msaverestoreobj=/usr/Synopsys/vcs/Q-2020.03-SP2-7/linux64/lib/vcs_save_restore_new.o
 option[22]: -Mcrt0=
 option[23]: -Mcrtn=
 option[24]: -Mcsrc=/usr/Synopsys/vcs/Q-2020.03-SP2-7/etc/uvm-1.2/dpi/uvm_dpi.cc /usr/Synopsys/vcs/Q-2020.03-SP2-7/etc/uvm-1.2/verdi/dpi/uvm_verdi_dpi.cpp 
 option[25]: -Msyslibs=/usr/Synopsys/verdi/R-2020.12-SP1/share/PLI/VCS/LINUX64/pli.a -ldl 
 option[26]: -l
 option[27]: com.log
 option[28]: +define+UVM_VERDI_VIF_RECORD
 option[29]: +define+UVM_VCS_RECORD
 option[30]: +incdir+/usr/Synopsys/vcs/Q-2020.03-SP2-7/etc/uvm-1.2/vcs
 option[31]: /usr/Synopsys/vcs/Q-2020.03-SP2-7/etc/uvm-1.2/uvm_pkg.sv
 option[32]: /usr/Synopsys/vcs/Q-2020.03-SP2-7/etc/uvm-1.2/vcs/uvm_custom_install_vcs_recorder.sv
 option[33]: +incdir+/usr/Synopsys/vcs/Q-2020.03-SP2-7/etc/uvm-1.2/verdi
 option[34]: /usr/Synopsys/vcs/Q-2020.03-SP2-7/etc/uvm-1.2/verdi/uvm_custom_install_verdi_recorder.sv
 option[35]: -Xvcs_run_simv=1
 option[36]: -full64
 option[37]: -debug_acc+dmptf
 option[38]: +vpi
 option[39]: +vcsd1
 option[40]: +itf+/usr/Synopsys/vcs/Q-2020.03-SP2-7/linux64/lib/vcsdp_lite.tab
 option[41]: -ntb_opts
 option[42]: uvm-1.2
 option[43]: +incdir+/usr/Synopsys/vcs/Q-2020.03-SP2-7/etc/uvm-1.2/
 option[44]: -timescale=1ns/1ns
 option[45]: -cm
 option[46]: line+tgl+branch
 option[47]: -cm_hier
 option[48]: vcm.cfg
 option[49]: -cm_name
 option[50]: mpi_test_name1
 option[51]: -top
 option[52]: harness
 option[53]: -picarchive
 option[54]: -P
 option[55]: /usr/Synopsys/verdi/R-2020.12-SP1/share/PLI/VCS/LINUX64/verdi.tab
 option[56]: -fsdb
 option[57]: -sverilog
 option[58]: -gen_obj
 option[59]: -f
 option[60]: filelist.f
 option[61]: -load
 option[62]: /usr/Synopsys/verdi/R-2020.12-SP1/share/PLI/VCS/LINUX64/libnovas.so:FSDBDumpCmd
 option[63]: timescale=1ns/1ns
Chronologic Simulation VCS Release Q-2020.03-SP2-7_Full64
Linux 3.10.0-1160.95.1.el7.x86_64 #1 SMP Mon Jul 24 13:59:37 UTC 2023 x86_64
CPU cores: 8
Limit information:
======================================
cputime		unlimited
filesize		unlimited
datasize		unlimited
stacksize		8309 kbytes
coredumpsize		0 kbytes
memoryuse		unlimited
vmemoryuse		unlimited
descriptors		4096
memorylocked		64 kbytes
maxproc		4096
======================================
(Special)Runtime environment variables:

Runtime environment variables:
LC_PAPER=zh_CN.UTF-8
XDG_VTNR=1
XDG_SESSION_ID=1
SSH_AGENT_PID=2475
DBUS_STARTER_ADDRESS=unix:abstract=/tmp/dbus-I0EfadRAG5,guid=e9931f7f6cfafbf16b0c56526507a725
LC_MONETARY=zh_CN.UTF-8
HOSTNAME=localhost.localdomain
WORK_HOME=/home/autumn/Desktop/puvm
UNAME=/bin/uname
UVM_HOME=/usr/Synopsys/uvm-1.2
IMSETTINGS_INTEGRATE_DESKTOP=yes
SCRNAME=vcs
VCS_DEPTH=0
TERM=xterm-256color
XDG_MENU_PREFIX=gnome-
VTE_VERSION=5204
SHELL=/bin/bash
HISTSIZE=1000
MAKEFLAGS=
GNOME_TERMINAL_SCREEN=/org/gnome/Terminal/screen/514513f9_f93d_4540_b32b_22066e752870
LC_NUMERIC=zh_CN.UTF-8
VCS_LOG_FILE=com.log
QTDIR=/usr/lib64/qt-3.3
QTINC=/usr/lib64/qt-3.3/include
LC_ALL=C
SNPS_VCS_INTERNAL_ROOT_PID=110322
IMSETTINGS_MODULE=none
QT_GRAPHICSSYSTEM_CHECKED=1
USER=autumn
LD_LIBRARY_PATH=/usr/Synopsys/vcs/Q-2020.03-SP2-7/lib:/usr/Synopsys/vcs/Q-2020.03-SP2-7/linux64/lib:/usr/Synopsys/verdi/R-2020.12-SP1/share/PLI/VCS/LINUX64
LS_COLORS=rs=0:di=38;5;27:ln=38;5;51:mh=44;38;5;15:pi=40;38;5;11:so=38;5;13:do=38;5;5:bd=48;5;232;38;5;11:cd=48;5;232;38;5;3:or=48;5;232;38;5;9:mi=05;48;5;232;38;5;15:su=48;5;196;38;5;15:sg=48;5;11;38;5;16:ca=48;5;196;38;5;226:tw=48;5;10;38;5;16:ow=48;5;10;38;5;21:st=48;5;21;38;5;15:ex=38;5;34:*.tar=38;5;9:*.tgz=38;5;9:*.arc=38;5;9:*.arj=38;5;9:*.taz=38;5;9:*.lha=38;5;9:*.lz4=38;5;9:*.lzh=38;5;9:*.lzma=38;5;9:*.tlz=38;5;9:*.txz=38;5;9:*.tzo=38;5;9:*.t7z=38;5;9:*.zip=38;5;9:*.z=38;5;9:*.Z=38;5;9:*.dz=38;5;9:*.gz=38;5;9:*.lrz=38;5;9:*.lz=38;5;9:*.lzo=38;5;9:*.xz=38;5;9:*.bz2=38;5;9:*.bz=38;5;9:*.tbz=38;5;9:*.tbz2=38;5;9:*.tz=38;5;9:*.deb=38;5;9:*.rpm=38;5;9:*.jar=38;5;9:*.war=38;5;9:*.ear=38;5;9:*.sar=38;5;9:*.rar=38;5;9:*.alz=38;5;9:*.ace=38;5;9:*.zoo=38;5;9:*.cpio=38;5;9:*.7z=38;5;9:*.rz=38;5;9:*.cab=38;5;9:*.jpg=38;5;13:*.jpeg=38;5;13:*.gif=38;5;13:*.bmp=38;5;13:*.pbm=38;5;13:*.pgm=38;5;13:*.ppm=38;5;13:*.tga=38;5;13:*.xbm=38;5;13:*.xpm=38;5;13:*.tif=38;5;13:*.tiff=38;5;13:*.png=38;5;13:*.svg=38;5;13:*.svgz=38;5;13:*.mng=38;5;13:*.pcx=38;5;13:*.mov=38;5;13:*.mpg=38;5;13:*.mpeg=38;5;13:*.m2v=38;5;13:*.mkv=38;5;13:*.webm=38;5;13:*.ogm=38;5;13:*.mp4=38;5;13:*.m4v=38;5;13:*.mp4v=38;5;13:*.vob=38;5;13:*.qt=38;5;13:*.nuv=38;5;13:*.wmv=38;5;13:*.asf=38;5;13:*.rm=38;5;13:*.rmvb=38;5;13:*.flc=38;5;13:*.avi=38;5;13:*.fli=38;5;13:*.flv=38;5;13:*.gl=38;5;13:*.dl=38;5;13:*.xcf=38;5;13:*.xwd=38;5;13:*.yuv=38;5;13:*.cgm=38;5;13:*.emf=38;5;13:*.axv=38;5;13:*.anx=38;5;13:*.ogv=38;5;13:*.ogx=38;5;13:*.aac=38;5;45:*.au=38;5;45:*.flac=38;5;45:*.mid=38;5;45:*.midi=38;5;45:*.mka=38;5;45:*.mp3=38;5;45:*.mpc=38;5;45:*.ogg=38;5;45:*.ra=38;5;45:*.wav=38;5;45:*.axa=38;5;45:*.oga=38;5;45:*.spx=38;5;45:*.xspf=38;5;45:
GNOME_TERMINAL_SERVICE=:1.385
SCRIPT_NAME=vcs
VCS_MX_HOME_INTERNAL=1
SSH_AUTH_SOCK=/run/user/1000/keyring/ssh
DVE_HOME=/usr/Synopsys/vcs/Q-2020.03-SP2-7
MAKELEVEL=1
SESSION_MANAGER=local/unix:@/tmp/.ICE-unix/2339,unix/unix:/tmp/.ICE-unix/2339
USERNAME=autumn
SNPSLMD_LICENSE_FILE=27000@localhost.localdomain
OVA_UUM=0
MFLAGS=
VCS_MODE_FLAG=64
GNOME_SHELL_SESSION_MODE=classic
MAIL=/var/spool/mail/autumn
NOVAS_RC=/home/autumn/novas.rc
PATH=.:/usr/lib64/qt-3.3/bin:/usr/local/bin:/usr/local/sbin:/usr/bin:/usr/sbin:/bin:/sbin:/usr/Synopsys/syn/R-2020.09-SP4/bin:/usr/Synopsys/prime/R-2020.09-SP4/bin:/usr/Synopsys/verdi/R-2020.12-SP1/bin:/usr/Synopsys/vcs/Q-2020.03-SP2-7/bin:/usr/Synopsys/scl/2021.03/linux64/bin:/home/autumn/.local/bin:/home/autumn/bin:/usr/Synopsys/syn/R-2020.09-SP4/bin:/usr/Synopsys/prime/R-2020.09-SP4/bin:/usr/Synopsys/verdi/R-2020.12-SP1/bin:/usr/Synopsys/vcs/Q-2020.03-SP2-7/bin:/usr/Synopsys/scl/2021.03/linux64/bin
DESKTOP_SESSION=gnome-classic
PT_HOME=/usr/Synopsys/prime/R-2020.09-SP4
QT_IM_MODULE=ibus
SNPS_VCS_INTERNAL_CURR_PID=110322
VERDI_HOME=/usr/Synopsys/verdi/R-2020.12-SP1
PWD=/home/autumn/ic_project/ppu/ppu/tb/sim
XDG_SESSION_TYPE=x11
VCS_HOME=/usr/Synopsys/vcs/Q-2020.03-SP2-7
XMODIFIERS=@im=ibus
LANG=zh_CN.UTF-8
GDM_LANG=zh_CN.UTF-8
LC_MEASUREMENT=zh_CN.UTF-8
VCS_ARCH_OVERRIDE=linux
VMR_MODE_FLAG=64
LM_LICENSE_FILE=/usr/Synopsys/scl/2021.03/admin/license/Synopsys.dat
GDMSESSION=gnome-classic
VCS_UVM_HOME=/usr/Synopsys/vcs/Q-2020.03-SP2-7/etc/uvm-1.2
HISTCONTROL=ignoredups
VCS_ARG_ADDED_FOR_TMP=1
SNPS_VCS_TMPDIR=/tmp/vcs_20231002135837_110322
DBUS_STARTER_BUS_TYPE=session
SHLVL=3
XDG_SEAT=seat0
HOME=/home/autumn
GNOME_DESKTOP_SESSION_ID=this-is-deprecated
VCS_COM=/usr/Synopsys/vcs/Q-2020.03-SP2-7/linux64/bin/vcs1
DC_HOME=/usr/Synopsys/syn/R-2020.09-SP4
LOGNAME=autumn
XDG_SESSION_DESKTOP=gnome-classic
QTLIB=/usr/lib64/qt-3.3/lib
SNPS_VCS_INTERNAL_ROOT_START_TIME=1696255117.737171598
DBUS_SESSION_BUS_ADDRESS=unix:abstract=/tmp/dbus-I0EfadRAG5,guid=e9931f7f6cfafbf16b0c56526507a725
XDG_DATA_DIRS=/home/autumn/.local/share/flatpak/exports/share/:/var/lib/flatpak/exports/share/:/usr/local/share/:/usr/share/
LESSOPEN=||/usr/bin/lesspipe.sh %s
SCL_HOME=/usr/Synopsys/scl/2021.03
sysc_uni_pwd=/home/autumn/ic_project/ppu/ppu/tb/sim
WINDOWPATH=1
DISPLAY=:0
XDG_RUNTIME_DIR=/run/user/1000
VCS_ARCH=linux64
TOOL_HOME=/usr/Synopsys/vcs/Q-2020.03-SP2-7/linux64
XDG_CURRENT_DESKTOP=GNOME-Classic:GNOME
LC_TIME=zh_CN.UTF-8
COLORTERM=truecolor
XAUTHORITY=/run/gdm/auth-for-autumn-ASiSVp/database
_=./simv
OLDPWD=/home/autumn/ic_project/ppu/ppu/tb/sim/simv.daidir/debug_dump/fsearch
VCS_PATHMAP_PRELOAD_DONE=1
VCS_EXEC_DONE=1
DVE=/usr/Synopsys/vcs/Q-2020.03-SP2-7/gui/dve
SPECMAN_OUTPUT_TO_TTY=1
FLEXLM_BORROWFILE=/home/autumn/.localhost.localdomain-borrow.txt
Runtime command line arguments:
argv[0]=simv
argv[1]=-a
argv[2]=com.log
argv[3]=-cm_runsilent
argv[4]=-cm
argv[5]=line+tgl+branch
argv[6]=-cm_name
argv[7]=mpi_test_name1
278 profile - 100
          CPU/Mem usage: 0.040 sys,  0.190 user,  427.34M mem
279 Elapsed time:    0:00:05    Mon Oct  2 06:58:59 2023
280 pliAppInit
281 [SC]Init: MemoryConsumed=0.00MB ElapsedTime=0hour 0min. 0sec.
282 FSDB_GATE is set.
283 FSDB_RTL is set.
284 FSDB_FIELDTYPE is set.
285 FSDB_ALIAS_ARRAY_ELEM is set to 4294967295.
286 Enable Parallel Dumping.
287 pliAppMiscSet: New Sim Round
288 pliEntryInit
289 LIBSSCORE=found /usr/Synopsys/verdi/R-2020.12-SP1/share/PLI/lib/LINUXAMD64/libsscore_vcs202003.so through $NOVAS_HOME setting.
290 FSDB Dumper for VCS, Release Verdi_R-2020.12-SP1, Linux x86_64/64bit, 03/02/2021
291 (C) 1996 - 2021 by Synopsys, Inc.
292 sps_call_fsdbDumpfile_main at 0 : ../th/harness.sv(65)
293 argv[0]: (ppu.fsdb)
294 *Verdi* : Create FSDB file 'ppu.fsdb'
295 [spi_vcs_vd_ppi_create_root]: no upf option
296 FSDB dumper cannot dump UPF related power signal ($power_tree): no ppiPowerNetwork.
297 compile option from '/home/autumn/ic_project/ppu/ppu/tb/sim/simv.daidir/vcs_rebuild'.
298   "vcs '-full64' '-debug_acc+dmptf' '-ntb_opts' 'uvm-1.2' '-sverilog' '-debug_acess+all' '-timescale=1ns/1ns' '-f' 'filelist.f' '-l' 'com.log' '-cm' 'line+tgl+branch' '-cm_hier' 'vcm.cfg' '-cm_name' 'mpi_test_name1' '-top' 'harness' '-R' 2>&1"
299 DVDI_is_vir_unload_enabled is enable
300 FSDB_VCS_ENABLE_NATIVE_VC is enable
301 sps_call_fsdbDumpvars_vd_main at 0 : ../th/harness.sv(66)
302 *Verdi* : Begin traversing the scopes, layer (0).
303 *Verdi* : End of traversing.
304 pliAppHDL_DumpVarComplete traverse var: profile - 
          CPU/Mem usage: 0.080 sys,  0.220 user,  527.00M mem
                   incr: 0.020 sys,  0.030 user,  7.93M mem
                   accu: 0.020 sys,  0.030 user,  7.93M mem
              accu incr: 0.020 sys,  0.030 user,  7.93M mem

          Count usage: 377 var,  282 idcode,  166 callback
                 incr: 377 var,  282 idcode,  166 callback
                 accu: 377 var,  282 idcode,  166 callback
            accu incr: 377 var,  282 idcode,  166 callback
305 Elapsed time:    0:00:05    Mon Oct  2 06:58:59 2023
306 pliAppHDL_DumpVarComplete: profile - 
          CPU/Mem usage: 0.080 sys,  0.220 user,  528.06M mem
                   incr: 0.000 sys,  0.000 user,  1.05M mem
                   accu: 0.020 sys,  0.030 user,  8.98M mem
              accu incr: 0.000 sys,  0.000 user,  1.05M mem

          Count usage: 377 var,  282 idcode,  166 callback
                 incr: 0 var,  0 idcode,  0 callback
                 accu: 377 var,  282 idcode,  166 callback
            accu incr: 0 var,  0 idcode,  0 callback
307 Elapsed time:    0:00:05    Mon Oct  2 06:58:59 2023
308 End of simulation at 9600
309 Memory usage: 528.077 M
310 Elapsed time:    0:00:05    Mon Oct  2 06:58:59 2023
311 Begin FSDB profile info:
312 FSDB Writer : bc1(5307) bcn(396) mtf/stf(0/0)
FSDB Writer elapsed time : flush(0.002139) io wait(0.000000) theadpool wait(0.000000)
FSDB Writer cpu time : MT Compression : 0
313 End FSDB profile info
314 FSDB closed. Name: ppu.fsdb Size: 19904
315 Parallel profile     - ProducerThread:1 ConsumerThread:1 Buffer:64MB
316                      - BlockUsed:1 Acquire:7517 BufferUsed:83774
317                      - Flush:3 Expand:0 ProducerWait:0 ConsumerWait:0
318                      - MainProducerTime:0.359560658 TotalConsumerTime:0.000000000
319                      - ElapsedTime:0.128336000
320 Producer   0 profile - BlockUsed:1 Acquire:7517 BufferUsed:83774
321 Consumer   0 profile - Affinity:-1 CPUTime:0.000000000 LifeTime:0.000000000 (-nan%)
322                      - BlockUsed:1 Acquire:7517 BufferUsed:83774
323 SimExit
324 Elapsed time:    0:00:05    Mon Oct  2 06:58:59 2023
325 Sim process exit
